03/11 07:19:38	Info	

03/11 07:19:38	Info	Volume name is \\?\Volume{c2334424-0000-0000-0000-100000000000}\
03/11 07:19:38	Info	Mount Point are :
03/11 07:19:38	Info	
03/11 07:19:38	Info	Volume is Fixed Drive
03/11 07:19:38	Info	Volume is ntfs
03/11 07:19:38	Info	Volume is system
03/11 07:19:38	Info	

03/11 07:19:38	Info	Volume name is \\?\Volume{bd208464-dfba-11ee-b9de-806e6f6e6963}\
03/11 07:19:38	Info	Mount Point are :
03/11 07:19:38	Info	D:\	
03/11 07:19:38	Info	Volume is Removable Drive
03/11 07:19:38	Info	Volume is not ntfs
03/11 07:19:38	Info	

03/11 07:19:38	Info	Volume name is \\?\Volume{c2334424-0000-0000-0000-300300000000}\
03/11 07:19:38	Info	Mount Point are :
03/11 07:19:38	Info	C:\	
03/11 07:19:38	Info	Volume is Fixed Drive
03/11 07:19:38	Info	Volume is ntfs
03/11 07:19:38	Info	Volume is not system
03/11 07:19:38	Info	Volume \\?\Volume{c2334424-0000-0000-0000-300300000000}\ has other OS 1 
